*** Using Compiler 'V5.06 update 7 (build 960)', folder: 'D:\Keil5 - 32\ARM\ARMCC\Bin'
Rebuild target 'Target 1'
compiling stm32f10x_it.c...
compiling delay.c...
..\Core\Src\delay.c(47): warning:  #1-D: last line of file ends without a newline
   
..\Core\Src\delay.c: 1 warning, 0 errors
compiling adc.c...
compiling stm32f10x_adc.c...
compiling PWM.c...
compiling gpio.c...
compiling misc.c...
compiling stm32f10x_dac.c...
compiling No_Mcu_Ganv_Grayscale_Sensor.c...
compiling main.c...
compiling stm32f10x_bkp.c...
compiling Motor.c...
compiling stm32f10x_crc.c...
compiling stm32f10x_cec.c...
compiling stm32f10x_can.c...
compiling stm32f10x_dbgmcu.c...
compiling stm32f10x_dma.c...
compiling stm32f10x_exti.c...
compiling stm32f10x_flash.c...
compiling stm32f10x_fsmc.c...
compiling stm32f10x_gpio.c...
compiling stm32f10x_i2c.c...
compiling stm32f10x_iwdg.c...
compiling stm32f10x_pwr.c...
compiling stm32f10x_rcc.c...
compiling stm32f10x_rtc.c...
compiling stm32f10x_sdio.c...
compiling stm32f10x_spi.c...
compiling stm32f10x_usart.c...
compiling stm32f10x_tim.c...
compiling stm32f10x_wwdg.c...
compiling system_stm32f10x.c...
compiling startup_stm32f10x_md.s...
compiling core_cm3.c...
compiling usart.c...
linking...
Program Size: Code=7452 RO-data=268 RW-data=80 ZI-data=1920  
FromELF: creating hex file...
".\Objects\No_Mcu.axf" - 0 Error(s), 1 Warning(s).
Build Time Elapsed:  00:00:42
